Build started 2012-04-22 10:47:01.
     1>Project "C:\Projects\Multiplaya\SFML Test\Tests\Tests.vcxproj" on node 2 (build target(s)).
     1>InitializeBuildStatus:
         Touching "Debug\Tests.unsuccessfulbuild".
       ClCompile:
         All outputs are up-to-date.
         d:\Program Files (x86)\Microsoft Visual Studio 10.0\VC\bin\CL.exe /c /I"C:\Projects\Multiplaya\SFML Test\\gtest-1.6.0\include" /I"C:\Projects\Multiplaya\SFML Test\\SFML Test" /ZI /nologo /W3 /WX- /Od /Oy- /D WIN32 /D _DEBUG /D _CONSOLE /D _UNICODE /D UNICODE /Gm /EHsc /RTC1 /MDd /GS /fp:precise /Zc:wchar_t /Zc:forScope /Fo"Debug\\" /Fd"Debug\vc100.pdb" /Gd /TP /analyze- /errorReport:prompt Tests.cpp
         Tests.cpp
     1>c:\projects\multiplaya\sfml test\sfml test\global.h(5): error C2653: 'sf' : is not a class or namespace name
     1>c:\projects\multiplaya\sfml test\sfml test\global.h(5): error C2146: syntax error : missing ';' before identifier 'worldMutex'
     1>c:\projects\multiplaya\sfml test\sfml test\global.h(5): error C4430: missing type specifier - int assumed. Note: C++ does not support default-int
     1>c:\projects\multiplaya\sfml test\sfml test\global.h(5): error C4430: missing type specifier - int assumed. Note: C++ does not support default-int
     1>c:\projects\multiplaya\sfml test\sfml test\global.h(6): error C2653: 'sf' : is not a class or namespace name
     1>c:\projects\multiplaya\sfml test\sfml test\global.h(6): error C2146: syntax error : missing ';' before identifier 'worldDataMutex'
     1>c:\projects\multiplaya\sfml test\sfml test\global.h(6): error C4430: missing type specifier - int assumed. Note: C++ does not support default-int
     1>c:\projects\multiplaya\sfml test\sfml test\global.h(6): error C4430: missing type specifier - int assumed. Note: C++ does not support default-int
     1>Done Building Project "C:\Projects\Multiplaya\SFML Test\Tests\Tests.vcxproj" (build target(s)) -- FAILED.

Build FAILED.

Time Elapsed 00:00:01.12
